app/build/intermediates/manifest_merge_blame_file/debug/manifest-merger-blame-debug-report.txt
1<?xml version="1.0" encoding="utf-8"?>
2<manifest xmlns:android="http://schemas.android.com/apk/res/android"
3    package="net.weiqh.test"
4    android:versionCode="1"
5    android:versionName="1.0" >
6
7    <uses-sdk
8        android:minSdkVersion="21"
8-->src\main\AndroidManifest.xml
9        android:targetSdkVersion="26" />
9-->src\main\AndroidManifest.xml
10
11    <supports-screens
11-->src\main\AndroidManifest.xml:5:5-10:39
12        android:anyDensity="true"
12-->src\main\AndroidManifest.xml:6:9-34
13        android:largeScreens="true"
13-->src\main\AndroidManifest.xml:7:9-36
14        android:normalScreens="true"
14-->src\main\AndroidManifest.xml:8:9-37
15        android:resizeable="true"
15-->src\main\AndroidManifest.xml:9:9-34
16        android:smallScreens="true" />
16-->src\main\AndroidManifest.xml:10:9-36
17
18    <!-- Barcode(二维码)  begin -->
19    <uses-permission android:name="android.permission.CAMERA" />
19-->src\main\AndroidManifest.xml:13:5-65
19-->src\main\AndroidManifest.xml:13:22-62
20    <uses-permission android:name="android.permission.WRITE_EXTERNAL_STORAGE" />
20-->src\main\AndroidManifest.xml:14:5-81
20-->src\main\AndroidManifest.xml:14:22-78
21
22    <uses-feature android:name="android.hardware.camera" />
22-->src\main\AndroidManifest.xml:16:5-60
22-->src\main\AndroidManifest.xml:16:19-57
23    <uses-feature android:name="android.hardware.camera.autofocus" />
23-->src\main\AndroidManifest.xml:17:5-70
23-->src\main\AndroidManifest.xml:17:19-67
24
25    <uses-permission android:name="android.permission.VIBRATE" />
25-->src\main\AndroidManifest.xml:19:5-66
25-->src\main\AndroidManifest.xml:19:22-63
26    <uses-permission android:name="android.permission.FLASHLIGHT" />
26-->src\main\AndroidManifest.xml:20:5-69
26-->src\main\AndroidManifest.xml:20:22-66
27    <uses-permission android:name="android.permission.INTERNET" />
27-->[lib.5plus.base-release.aar] AndroidManifest.xml:15:5-67
27-->[lib.5plus.base-release.aar] AndroidManifest.xml:15:22-64
28    <uses-permission android:name="android.permission.ACCESS_NETWORK_STATE" />
28-->[lib.5plus.base-release.aar] AndroidManifest.xml:16:5-79
28-->[lib.5plus.base-release.aar] AndroidManifest.xml:16:22-76
29    <!--
30    <uses-permission
31        android:name="com.android.launcher.permission.UNINSTALL_SHORTCUT" />
32    -->
33    <!-- 华为修改角标需要设置权限 -->
34    <uses-permission android:name="com.huawei.android.launcher.permission.CHANGE_BADGE" /> <!-- vivo 修改角标需要设置权限 -->
34-->[lib.5plus.base-release.aar] AndroidManifest.xml:22:5-91
34-->[lib.5plus.base-release.aar] AndroidManifest.xml:22:22-88
35    <uses-permission android:name="com.vivo.notification.permission.BADGE_ICON" />
35-->[lib.5plus.base-release.aar] AndroidManifest.xml:24:5-83
35-->[lib.5plus.base-release.aar] AndroidManifest.xml:24:22-80
36
37    <queries>
37-->[lib.5plus.base-release.aar] AndroidManifest.xml:26:5-35:15
38        <intent>
38-->[lib.5plus.base-release.aar] AndroidManifest.xml:27:9-29:18
39            <action android:name="android.intent.action.MAIN" />
39-->src\main\AndroidManifest.xml:53:17-68
39-->src\main\AndroidManifest.xml:53:25-66
40        </intent>
41        <intent>
41-->[lib.5plus.base-release.aar] AndroidManifest.xml:30:9-34:18
42            <action android:name="android.intent.action.VIEW" />
42-->src\main\AndroidManifest.xml:42:17-68
42-->src\main\AndroidManifest.xml:42:25-66
43
44            <category android:name="android.intent.category.DEFAULT" />
44-->src\main\AndroidManifest.xml:44:17-75
44-->src\main\AndroidManifest.xml:44:27-73
45        </intent>
46    </queries>
47
48    <uses-permission android:name="android.permission.READ_EXTERNAL_STORAGE" />
49    <uses-permission android:name="com.asus.msa.SupplementaryDID.ACCESS" />
49-->[oaid_sdk_1.0.25.aar] AndroidManifest.xml:13:5-76
49-->[oaid_sdk_1.0.25.aar] AndroidManifest.xml:13:22-73
50    <uses-permission android:name="freemme.permission.msa" /> <!-- Barcode(二维码)  end -->
50-->[oaid_sdk_1.0.25.aar] AndroidManifest.xml:15:5-62
50-->[oaid_sdk_1.0.25.aar] AndroidManifest.xml:15:22-59
51    <application
51-->src\main\AndroidManifest.xml:23:5-88:19
52        android:name="io.dcloud.application.DCloudApplication"
52-->src\main\AndroidManifest.xml:24:9-63
53        android:allowBackup="true"
53-->src\main\AndroidManifest.xml:25:9-35
54        android:allowClearUserData="true"
54-->src\main\AndroidManifest.xml:26:9-42
55        android:appComponentFactory="androidx.core.app.CoreComponentFactory"
55-->[androidx.core:core:1.0.0] AndroidManifest.xml:22:18-86
56        android:debuggable="true"
56-->src\main\AndroidManifest.xml:30:9-34
57        android:extractNativeLibs="true"
57-->[uniapp-v8-release.aar] AndroidManifest.xml:29:18-50
58        android:icon="@drawable/icon"
58-->src\main\AndroidManifest.xml:27:9-38
59        android:label="@string/app_name"
59-->src\main\AndroidManifest.xml:28:9-41
60        android:largeHeap="true"
60-->src\main\AndroidManifest.xml:29:9-33
61        android:supportsRtl="true"
61-->src\main\AndroidManifest.xml:31:9-35
62        android:testOnly="true"
63        android:usesCleartextTraffic="true" >
63-->[lib.5plus.base-release.aar] AndroidManifest.xml:170:9-44
64
65        <!-- 应用入口 -->
66        <activity
66-->src\main\AndroidManifest.xml:34:9-56:20
67            android:name="io.dcloud.PandoraEntry"
67-->src\main\AndroidManifest.xml:35:13-50
68            android:configChanges="orientation|keyboardHidden|screenSize|mcc|mnc|fontScale"
68-->src\main\AndroidManifest.xml:37:13-92
69            android:hardwareAccelerated="true"
69-->src\main\AndroidManifest.xml:38:13-47
70            android:theme="@style/TranslucentTheme"
70-->src\main\AndroidManifest.xml:36:13-52
71            android:windowSoftInputMode="adjustResize" >
71-->src\main\AndroidManifest.xml:39:13-55
72            <intent-filter>
72-->src\main\AndroidManifest.xml:40:13-46:29
73                <data android:scheme="hbuilder" />
73-->src\main\AndroidManifest.xml:41:17-50
73-->src\main\AndroidManifest.xml:41:23-48
74
75                <action android:name="android.intent.action.VIEW" />
75-->src\main\AndroidManifest.xml:42:17-68
75-->src\main\AndroidManifest.xml:42:25-66
76
77                <category android:name="android.intent.category.DEFAULT" />
77-->src\main\AndroidManifest.xml:44:17-75
77-->src\main\AndroidManifest.xml:44:27-73
78                <category android:name="android.intent.category.BROWSABLE" />
78-->src\main\AndroidManifest.xml:45:17-77
78-->src\main\AndroidManifest.xml:45:27-75
79            </intent-filter>
80            <intent-filter>
80-->src\main\AndroidManifest.xml:47:13-51:29
81                <data android:mimeType="image/*" />
81-->src\main\AndroidManifest.xml:41:17-50
81-->src\main\AndroidManifest.xml:48:23-49
82
83                <action android:name="android.intent.action.SEND" />
83-->src\main\AndroidManifest.xml:49:17-68
83-->src\main\AndroidManifest.xml:49:25-66
84
85                <category android:name="android.intent.category.DEFAULT" />
85-->src\main\AndroidManifest.xml:44:17-75
85-->src\main\AndroidManifest.xml:44:27-73
86            </intent-filter>
87            <intent-filter>
87-->src\main\AndroidManifest.xml:52:13-55:29
88                <action android:name="android.intent.action.MAIN" />
88-->src\main\AndroidManifest.xml:53:17-68
88-->src\main\AndroidManifest.xml:53:25-66
89
90                <category android:name="android.intent.category.LAUNCHER" />
90-->src\main\AndroidManifest.xml:54:17-76
90-->src\main\AndroidManifest.xml:54:27-74
91            </intent-filter>
92        </activity>
93
94        <meta-data
94-->src\main\AndroidManifest.xml:57:9-58:35
95            android:name="dcloud_uninview_background"
95-->src\main\AndroidManifest.xml:57:20-61
96            android:value="true" />
96-->src\main\AndroidManifest.xml:58:13-33
97
98        <activity
98-->src\main\AndroidManifest.xml:60:9-84:20
99            android:name="io.dcloud.PandoraEntryActivity"
99-->src\main\AndroidManifest.xml:61:13-58
100            android:configChanges="orientation|keyboardHidden|screenSize|mcc|mnc|fontScale|keyboard|smallestScreenSize|screenLayout|screenSize"
100-->src\main\AndroidManifest.xml:63:13-144
101            android:hardwareAccelerated="true"
101-->src\main\AndroidManifest.xml:64:13-47
102            android:launchMode="singleTask"
102-->src\main\AndroidManifest.xml:62:13-44
103            android:permission="com.miui.securitycenter.permission.AppPermissionsEditor"
103-->src\main\AndroidManifest.xml:65:13-89
104            android:screenOrientation="user"
104-->src\main\AndroidManifest.xml:66:13-45
105            android:theme="@style/DCloudTheme"
105-->src\main\AndroidManifest.xml:67:13-47
106            android:windowSoftInputMode="adjustResize" >
106-->src\main\AndroidManifest.xml:68:13-55
107            <intent-filter>
107-->src\main\AndroidManifest.xml:70:13-83:29
108                <category android:name="android.intent.category.DEFAULT" />
108-->src\main\AndroidManifest.xml:44:17-75
108-->src\main\AndroidManifest.xml:44:27-73
109                <category android:name="android.intent.category.BROWSABLE" />
109-->src\main\AndroidManifest.xml:45:17-77
109-->src\main\AndroidManifest.xml:45:27-75
110
111                <action android:name="android.intent.action.VIEW" />
111-->src\main\AndroidManifest.xml:42:17-68
111-->src\main\AndroidManifest.xml:42:25-66
112
113                <data android:scheme=" " />
113-->src\main\AndroidManifest.xml:41:17-50
113-->src\main\AndroidManifest.xml:41:23-48
114            </intent-filter>
115        </activity>
116
117        <meta-data
117-->src\main\AndroidManifest.xml:85:9-87:64
118            android:name="dcloud_appkey"
118-->src\main\AndroidManifest.xml:86:13-41
119            android:value="fa25e45fc0fa06883903995561f5fdfc" />
119-->src\main\AndroidManifest.xml:87:13-61
120        <!--
121        <activity
122            android:name="io.dcloud.imagepick.CustomGalleryActivity"
123            android:noHistory="true"
124            android:exported="false"/>
125        -->
126        <activity
126-->[lib.5plus.base-release.aar] AndroidManifest.xml:179:9-185:58
127            android:name="io.dcloud.feature.nativeObj.photoview.PhotoActivity"
127-->[lib.5plus.base-release.aar] AndroidManifest.xml:180:13-79
128            android:configChanges="orientation|keyboardHidden"
128-->[lib.5plus.base-release.aar] AndroidManifest.xml:181:13-63
129            android:exported="false"
129-->[lib.5plus.base-release.aar] AndroidManifest.xml:182:13-37
130            android:noHistory="false"
130-->[lib.5plus.base-release.aar] AndroidManifest.xml:183:13-38
131            android:screenOrientation="behind"
131-->[lib.5plus.base-release.aar] AndroidManifest.xml:184:13-47
132            android:theme="@style/DeviceDefault.Light" />
132-->[lib.5plus.base-release.aar] AndroidManifest.xml:185:13-55
133        <activity
133-->[lib.5plus.base-release.aar] AndroidManifest.xml:186:9-195:58
134            android:name="io.dcloud.WebAppActivity"
134-->[lib.5plus.base-release.aar] AndroidManifest.xml:187:13-52
135            android:configChanges="orientation|keyboard|keyboardHidden|smallestScreenSize|screenLayout|screenSize|mcc|mnc|fontScale|navigation"
135-->[lib.5plus.base-release.aar] AndroidManifest.xml:188:13-144
136            android:hardwareAccelerated="true"
136-->[lib.5plus.base-release.aar] AndroidManifest.xml:189:13-47
137            android:icon="@drawable/dcloud_recent"
137-->[lib.5plus.base-release.aar] AndroidManifest.xml:190:13-51
138            android:label="@string/stream_my"
138-->[lib.5plus.base-release.aar] AndroidManifest.xml:191:13-46
139            android:launchMode="singleTask"
139-->[lib.5plus.base-release.aar] AndroidManifest.xml:192:13-44
140            android:screenOrientation="portrait"
140-->[lib.5plus.base-release.aar] AndroidManifest.xml:193:13-49
141            android:theme="@style/DCloudTheme"
141-->[lib.5plus.base-release.aar] AndroidManifest.xml:194:13-47
142            android:windowSoftInputMode="adjustResize" />
142-->[lib.5plus.base-release.aar] AndroidManifest.xml:195:13-55
143        <activity
143-->[lib.5plus.base-release.aar] AndroidManifest.xml:196:9-200:75
144            android:name="io.dcloud.ProcessMediator"
144-->[lib.5plus.base-release.aar] AndroidManifest.xml:197:13-53
145            android:excludeFromRecents="true"
145-->[lib.5plus.base-release.aar] AndroidManifest.xml:198:13-46
146            android:exported="false"
146-->[lib.5plus.base-release.aar] AndroidManifest.xml:199:13-37
147            android:theme="@android:style/Theme.Translucent.NoTitleBar" />
147-->[lib.5plus.base-release.aar] AndroidManifest.xml:200:13-72
148        <activity
148-->[lib.5plus.base-release.aar] AndroidManifest.xml:201:9-207:20
149            android:name="io.dcloud.WebviewActivity"
149-->[lib.5plus.base-release.aar] AndroidManifest.xml:202:13-53
150            android:exported="false"
150-->[lib.5plus.base-release.aar] AndroidManifest.xml:203:13-37
151            android:screenOrientation="portrait"
151-->[lib.5plus.base-release.aar] AndroidManifest.xml:204:13-49
152            android:theme="@style/ThemeNoTitleBar"
152-->[lib.5plus.base-release.aar] AndroidManifest.xml:205:13-51
153            android:windowSoftInputMode="adjustPan" >
153-->[lib.5plus.base-release.aar] AndroidManifest.xml:206:13-52
154        </activity>
155
156        <receiver
156-->[lib.5plus.base-release.aar] AndroidManifest.xml:209:9-217:20
157            android:name="io.dcloud.common.adapter.io.DownloadReceiver"
157-->[lib.5plus.base-release.aar] AndroidManifest.xml:210:13-72
158            android:exported="false" >
158-->[lib.5plus.base-release.aar] AndroidManifest.xml:211:13-37
159            <intent-filter>
159-->[lib.5plus.base-release.aar] AndroidManifest.xml:212:13-216:29
160                <action android:name="android.intent.action.PACKAGE_ADDED" />
160-->[lib.5plus.base-release.aar] AndroidManifest.xml:213:17-78
160-->[lib.5plus.base-release.aar] AndroidManifest.xml:213:25-75
161
162                <data android:scheme="package" /> <!-- HERE! -->
162-->src\main\AndroidManifest.xml:41:17-50
162-->src\main\AndroidManifest.xml:41:23-48
163            </intent-filter>
164        </receiver> <!-- gallery******start -->
165        <activity
165-->[lib.5plus.base-release.aar] AndroidManifest.xml:220:9-225:63
166            android:name="com.dmcbig.mediapicker.PickerActivity"
166-->[lib.5plus.base-release.aar] AndroidManifest.xml:221:13-65
167            android:configChanges="orientation|screenSize"
167-->[lib.5plus.base-release.aar] AndroidManifest.xml:222:13-59
168            android:exported="false"
168-->[lib.5plus.base-release.aar] AndroidManifest.xml:223:13-37
169            android:theme="@style/DeviceDefault.Light"
169-->[lib.5plus.base-release.aar] AndroidManifest.xml:224:13-55
170            android:windowSoftInputMode="stateAlwaysHidden" />
170-->[lib.5plus.base-release.aar] AndroidManifest.xml:225:13-60
171        <activity
171-->[lib.5plus.base-release.aar] AndroidManifest.xml:226:9-231:63
172            android:name="com.dmcbig.mediapicker.PreviewActivity"
172-->[lib.5plus.base-release.aar] AndroidManifest.xml:227:13-66
173            android:configChanges="orientation|screenSize"
173-->[lib.5plus.base-release.aar] AndroidManifest.xml:228:13-59
174            android:exported="false"
174-->[lib.5plus.base-release.aar] AndroidManifest.xml:229:13-37
175            android:theme="@style/DeviceDefault.Light"
175-->[lib.5plus.base-release.aar] AndroidManifest.xml:230:13-55
176            android:windowSoftInputMode="stateAlwaysHidden" /> <!-- gallery******end -->
176-->[lib.5plus.base-release.aar] AndroidManifest.xml:231:13-60
177        <provider
177-->[lib.5plus.base-release.aar] AndroidManifest.xml:234:9-242:20
178            android:name="io.dcloud.common.util.DCloud_FileProvider"
178-->[lib.5plus.base-release.aar] AndroidManifest.xml:235:13-69
179            android:authorities="net.weiqh.test.dc.fileprovider"
179-->[lib.5plus.base-release.aar] AndroidManifest.xml:236:13-67
180            android:exported="false"
180-->[lib.5plus.base-release.aar] AndroidManifest.xml:237:13-37
181            android:grantUriPermissions="true" >
181-->[lib.5plus.base-release.aar] AndroidManifest.xml:238:13-47
182            <meta-data
182-->[lib.5plus.base-release.aar] AndroidManifest.xml:239:13-241:64
183                android:name="android.support.FILE_PROVIDER_PATHS"
183-->[lib.5plus.base-release.aar] AndroidManifest.xml:240:17-67
184                android:resource="@xml/dcloud_file_provider" />
184-->[lib.5plus.base-release.aar] AndroidManifest.xml:241:17-61
185        </provider>
186        <!--
187            <meta-data
188            android:name="DCLOUD_STREAMAPP_CHANNEL"
189            android:value="io.dcloud.%APPID%|%APPID%|" />
190        -->
191        <meta-data
191-->[lib.5plus.base-release.aar] AndroidManifest.xml:249:9-251:35
192            android:name="android.max_aspect"
192-->[lib.5plus.base-release.aar] AndroidManifest.xml:250:13-46
193            android:value="2.4" />
193-->[lib.5plus.base-release.aar] AndroidManifest.xml:251:13-32
194
195        <activity
195-->[lib.5plus.base-release.aar] AndroidManifest.xml:253:9-258:63
196            android:name="io.dcloud.feature.gallery.imageedit.IMGEditActivity"
196-->[lib.5plus.base-release.aar] AndroidManifest.xml:254:13-79
197            android:configChanges="orientation|keyboardHidden|screenSize"
197-->[lib.5plus.base-release.aar] AndroidManifest.xml:255:13-74
198            android:exported="false"
198-->[lib.5plus.base-release.aar] AndroidManifest.xml:256:13-37
199            android:theme="@style/ImageEditTheme"
199-->[lib.5plus.base-release.aar] AndroidManifest.xml:257:13-50
200            android:windowSoftInputMode="stateAlwaysHidden" /> <!-- 广告相关配置开始 -->
200-->[lib.5plus.base-release.aar] AndroidManifest.xml:258:13-60
201        <activity
201-->[lib.5plus.base-release.aar] AndroidManifest.xml:261:9-266:55
202            android:name="io.dcloud.sdk.activity.WebViewActivity"
202-->[lib.5plus.base-release.aar] AndroidManifest.xml:262:13-66
203            android:exported="false"
203-->[lib.5plus.base-release.aar] AndroidManifest.xml:263:13-37
204            android:screenOrientation="portrait"
204-->[lib.5plus.base-release.aar] AndroidManifest.xml:264:13-49
205            android:theme="@style/ThemeNoTitleBar"
205-->[lib.5plus.base-release.aar] AndroidManifest.xml:265:13-51
206            android:windowSoftInputMode="adjustPan" />
206-->[lib.5plus.base-release.aar] AndroidManifest.xml:266:13-52
207
208        <service
208-->[lib.5plus.base-release.aar] AndroidManifest.xml:268:9-271:72
209            android:name="io.dcloud.sdk.base.service.DownloadService"
209-->[lib.5plus.base-release.aar] AndroidManifest.xml:269:13-70
210            android:exported="false"
210-->[lib.5plus.base-release.aar] AndroidManifest.xml:270:13-37
211            android:permission="android.permission.BIND_JOB_SERVICE" />
211-->[lib.5plus.base-release.aar] AndroidManifest.xml:271:13-69
212
213        <provider
213-->[lib.5plus.base-release.aar] AndroidManifest.xml:273:9-281:20
214            android:name="io.dcloud.sdk.base.service.provider.DCloudAdFileProvider"
214-->[lib.5plus.base-release.aar] AndroidManifest.xml:274:13-84
215            android:authorities="net.weiqh.test.dc.fileprovider"
215-->[lib.5plus.base-release.aar] AndroidManifest.xml:275:13-67
216            android:exported="false"
216-->[lib.5plus.base-release.aar] AndroidManifest.xml:276:13-37
217            android:grantUriPermissions="true" >
217-->[lib.5plus.base-release.aar] AndroidManifest.xml:277:13-47
218            <meta-data
218-->[lib.5plus.base-release.aar] AndroidManifest.xml:239:13-241:64
219                android:name="android.support.FILE_PROVIDER_PATHS"
219-->[lib.5plus.base-release.aar] AndroidManifest.xml:240:17-67
220                android:resource="@xml/dcloud_gg_file_provider" />
220-->[lib.5plus.base-release.aar] AndroidManifest.xml:241:17-61
221        </provider>
222
223        <receiver
223-->[uniapp-v8-release.aar] AndroidManifest.xml:30:9-34:20
224            android:name="com.taobao.weex.WXGlobalEventReceiver"
224-->[uniapp-v8-release.aar] AndroidManifest.xml:31:13-65
225            android:enabled="true"
225-->[uniapp-v8-release.aar] AndroidManifest.xml:32:13-35
226            android:exported="false" >
226-->[uniapp-v8-release.aar] AndroidManifest.xml:33:13-37
227        </receiver>
228
229        <activity
229-->[:uniplugin_module] AndroidManifest.xml:12:9-14:84
230            android:name="io.dcloud.uniplugin.NativePageActivity"
230-->[:uniplugin_module] AndroidManifest.xml:13:13-66
231            android:theme="@android:style/Theme.DeviceDefault.Light.NoActionBar" />
231-->[:uniplugin_module] AndroidManifest.xml:14:13-81
232    </application>
233
234</manifest>